  Enemy.cpp
  Main.cpp
  Player.cpp
  SceneGame.cpp
  SceneTitle.cpp
  stage.cpp
  コードを生成中...
Enemy.obj : error LNK2019: 未解決の外部シンボル "public: class VECTOR2 & __cdecl VECTOR2::operator+=(class VECTOR2 const &)" (??YVECTOR2@@QEAAAEAV0@AEBV0@@Z) が関数 "public: __cdecl Enemy::Enemy(int,int,int,int,int,class VECTOR2,class VECTOR2,class GameLib::Sprite *)" (??0Enemy@@QEAA@HHHHHVVECTOR2@@0PEAVSprite@GameLib@@@Z) で参照されました
Player.obj : error LNK2001: 外部シンボル "public: class VECTOR2 & __cdecl VECTOR2::operator+=(class VECTOR2 const &)" (??YVECTOR2@@QEAAAEAV0@AEBV0@@Z) は未解決です
stage.obj : error LNK2001: 外部シンボル "public: class VECTOR2 & __cdecl VECTOR2::operator+=(class VECTOR2 const &)" (??YVECTOR2@@QEAAAEAV0@AEBV0@@Z) は未解決です
stage.obj : error LNK2001: 外部シンボル "void __cdecl GameLib::sprite_render(class GameLib::Sprite *,float,float,float,float,float,float,float,float,float,float,float,float,float,float,float,float,bool)" (?sprite_render@GameLib@@YAXPEAVSprite@1@MMMMMMMMMMMMMMMM_N@Z) は未解決です
Enemy.obj : error LNK2001: 外部シンボル "void __cdecl GameLib::sprite_render(class GameLib::Sprite *,float,float,float,float,float,float,float,float,float,float,float,float,float,float,float,float,bool)" (?sprite_render@GameLib@@YAXPEAVSprite@1@MMMMMMMMMMMMMMMM_N@Z) は未解決です
Player.obj : error LNK2001: 外部シンボル "void __cdecl GameLib::sprite_render(class GameLib::Sprite *,float,float,float,float,float,float,float,float,float,float,float,float,float,float,float,float,bool)" (?sprite_render@GameLib@@YAXPEAVSprite@1@MMMMMMMMMMMMMMMM_N@Z) は未解決です
SceneGame.obj : error LNK2001: 外部シンボル "void __cdecl GameLib::sprite_render(class GameLib::Sprite *,float,float,float,float,float,float,float,float,float,float,float,float,float,float,float,float,bool)" (?sprite_render@GameLib@@YAXPEAVSprite@1@MMMMMMMMMMMMMMMM_N@Z) は未解決です
SceneTitle.obj : error LNK2001: 外部シンボル "void __cdecl GameLib::sprite_render(class GameLib::Sprite *,float,float,float,float,float,float,float,float,float,float,float,float,float,float,float,float,bool)" (?sprite_render@GameLib@@YAXPEAVSprite@1@MMMMMMMMMMMMMMMM_N@Z) は未解決です
Enemy.obj : error LNK2019: 未解決の外部シンボル "void __cdecl GameLib::debug::setString(char const *,...)" (?setString@debug@GameLib@@YAXPEBDZZ) が関数 "public: void __cdecl Enemy::enemy_move(class VECTOR2,float)" (?enemy_move@Enemy@@QEAAXVVECTOR2@@M@Z) で参照されました
SceneGame.obj : error LNK2001: 外部シンボル "void __cdecl GameLib::debug::setString(char const *,...)" (?setString@debug@GameLib@@YAXPEBDZZ) は未解決です
SceneTitle.obj : error LNK2001: 外部シンボル "void __cdecl GameLib::debug::setString(char const *,...)" (?setString@debug@GameLib@@YAXPEBDZZ) は未解決です
Main.obj : error LNK2019: 未解決の外部シンボル "void __cdecl GameLib::init(wchar_t const *,int,int,bool,double)" (?init@GameLib@@YAXPEB_WHH_NN@Z) が関数 wWinMain で参照されました
Main.obj : error LNK2019: 未解決の外部シンボル "void __cdecl GameLib::uninit(void)" (?uninit@GameLib@@YAXXZ) が関数 wWinMain で参照されました
Main.obj : error LNK2019: 未解決の外部シンボル "bool __cdecl GameLib::gameLoop(bool)" (?gameLoop@GameLib@@YA_N_N@Z) が関数 wWinMain で参照されました
Main.obj : error LNK2019: 未解決の外部シンボル "long __cdecl GameLib::present(unsigned int,unsigned int)" (?present@GameLib@@YAJII@Z) が関数 wWinMain で参照されました
Main.obj : error LNK2019: 未解決の外部シンボル "void __cdecl GameLib::debug::display(float,float,float,float,float)" (?display@debug@GameLib@@YAXMMMMM@Z) が関数 wWinMain で参照されました
Main.obj : error LNK2019: 未解決の外部シンボル "void __cdecl GameLib::input::update(void)" (?update@input@GameLib@@YAXXZ) が関数 wWinMain で参照されました
Player.obj : error LNK2019: 未解決の外部シンボル "public: class VECTOR2 & __cdecl VECTOR2::operator=(class VECTOR2 const &)" (??4VECTOR2@@QEAAAEAV0@AEBV0@@Z) が関数 "void __cdecl player_init(void)" (?player_init@@YAXXZ) で参照されました
SceneGame.obj : error LNK2001: 外部シンボル "public: class VECTOR2 & __cdecl VECTOR2::operator=(class VECTOR2 const &)" (??4VECTOR2@@QEAAAEAV0@AEBV0@@Z) は未解決です
stage.obj : error LNK2001: 外部シンボル "public: class VECTOR2 & __cdecl VECTOR2::operator=(class VECTOR2 const &)" (??4VECTOR2@@QEAAAEAV0@AEBV0@@Z) は未解決です
Player.obj : error LNK2019: 未解決の外部シンボル "public: __cdecl GameLib::Sprite::~Sprite(void)" (??1Sprite@GameLib@@QEAA@XZ) が関数 "public: void * __cdecl GameLib::Sprite::`scalar deleting destructor'(unsigned int)" (??_GSprite@GameLib@@QEAAPEAXI@Z) で参照されました
SceneGame.obj : error LNK2001: 外部シンボル "public: __cdecl GameLib::Sprite::~Sprite(void)" (??1Sprite@GameLib@@QEAA@XZ) は未解決です
SceneTitle.obj : error LNK2001: 外部シンボル "public: __cdecl GameLib::Sprite::~Sprite(void)" (??1Sprite@GameLib@@QEAA@XZ) は未解決です
stage.obj : error LNK2001: 外部シンボル "public: __cdecl GameLib::Sprite::~Sprite(void)" (??1Sprite@GameLib@@QEAA@XZ) は未解決です
Player.obj : error LNK2019: 未解決の外部シンボル "class GameLib::Sprite * __cdecl GameLib::sprite_load(wchar_t const *,int)" (?sprite_load@GameLib@@YAPEAVSprite@1@PEB_WH@Z) が関数 "void __cdecl player_update(void)" (?player_update@@YAXXZ) で参照されました
SceneGame.obj : error LNK2001: 外部シンボル "class GameLib::Sprite * __cdecl GameLib::sprite_load(wchar_t const *,int)" (?sprite_load@GameLib@@YAPEAVSprite@1@PEB_WH@Z) は未解決です
SceneTitle.obj : error LNK2001: 外部シンボル "class GameLib::Sprite * __cdecl GameLib::sprite_load(wchar_t const *,int)" (?sprite_load@GameLib@@YAPEAVSprite@1@PEB_WH@Z) は未解決です
stage.obj : error LNK2001: 外部シンボル "class GameLib::Sprite * __cdecl GameLib::sprite_load(wchar_t const *,int)" (?sprite_load@GameLib@@YAPEAVSprite@1@PEB_WH@Z) は未解決です
Player.obj : error LNK2019: 未解決の外部シンボル "int __cdecl GameLib::input::TRG(int)" (?TRG@input@GameLib@@YAHH@Z) が関数 "void __cdecl player_render(void)" (?player_render@@YAXXZ) で参照されました
SceneGame.obj : error LNK2001: 外部シンボル "int __cdecl GameLib::input::TRG(int)" (?TRG@input@GameLib@@YAHH@Z) は未解決です
SceneTitle.obj : error LNK2001: 外部シンボル "int __cdecl GameLib::input::TRG(int)" (?TRG@input@GameLib@@YAHH@Z) は未解決です
Player.obj : error LNK2019: 未解決の外部シンボル "int __cdecl GameLib::input::STATE(int)" (?STATE@input@GameLib@@YAHH@Z) が関数 "void __cdecl player_update(void)" (?player_update@@YAXXZ) で参照されました
SceneGame.obj : error LNK2019: 未解決の外部シンボル "void __cdecl GameLib::clear(float,float,float)" (?clear@GameLib@@YAXMMM@Z) が関数 "void __cdecl game_render(void)" (?game_render@@YAXXZ) で参照されました
SceneTitle.obj : error LNK2001: 外部シンボル "void __cdecl GameLib::clear(float,float,float)" (?clear@GameLib@@YAXMMM@Z) は未解決です
SceneGame.obj : error LNK2019: 未解決の外部シンボル "void __cdecl GameLib::setBlendMode(enum GameLib::Blender::BLEND_STATE)" (?setBlendMode@GameLib@@YAXW4BLEND_STATE@Blender@1@@Z) が関数 "void __cdecl game_update(void)" (?game_update@@YAXXZ) で参照されました
SceneTitle.obj : error LNK2001: 外部シンボル "void __cdecl GameLib::setBlendMode(enum GameLib::Blender::BLEND_STATE)" (?setBlendMode@GameLib@@YAXW4BLEND_STATE@Blender@1@@Z) は未解決です
SceneTitle.obj : error LNK2019: 未解決の外部シンボル "float __cdecl GameLib::font::textOut(int,class std::basic_string<char,struct std::char_traits<char>,class std::allocator<char> >,class VECTOR2 const &,class VECTOR2 const &,class VECTOR4 const &,enum GameLib::TEXT_ALIGN,float,bool)" (?textOut@font@GameLib@@YAMHV?$basic_string@DU?$char_traits@D@std@@V?$allocator@D@2@@std@@AEBVVECTOR2@@1AEBVVECTOR4@@W4TEXT_ALIGN@2@M_N@Z) が関数 "void __cdecl title_render(void)" (?title_render@@YAXXZ) で参照されました
stage.obj : error LNK2019: 未解決の外部シンボル "void __cdecl GameLib::primitive::rect(float,float,float,float,float,float,float,float,float,float,float,float,bool)" (?rect@primitive@GameLib@@YAXMMMMMMMMMMMM_N@Z) が関数 "public: void __cdecl Jump_board::jumpBoard_render(void)" (?jumpBoard_render@Jump_board@@QEAAXXZ) で参照されました
MSVCRTD.lib(exe_main.obj) : error LNK2019: 未解決の外部シンボル main が関数 "int __cdecl invoke_main(void)" (?invoke_main@@YAHXZ) で参照されました
C:\Users\2240029\Desktop\チーム制作\1年3回目\github\1minutes\1minutes\x64\Debug\1minutes.exe : fatal error LNK1120: 19 件の未解決の外部参照
